<?xml version="1.0" encoding="UTF-8"?>
<testng-results skipped="0" failed="1" ignored="0" total="4" passed="3">
  <reporter-output>
  </reporter-output>
  <suite name="Selenium4th" duration-ms="56464" started-at="2017-08-18T10:09:02Z" finished-at="2017-08-18T10:09:58Z">
    <groups>
    </groups>
    <test name="Test" duration-ms="56464" started-at="2017-08-18T10:09:02Z" finished-at="2017-08-18T10:09:58Z">
      <class name="com.bitm.selenium4thbatch.Test.LoginTest">
        <test-method status="PASS" signature="checkHomePageTitle()[pri:1, instance:com.bitm.selenium4thbatch.Test.LoginTest@5e5792a0]" name="checkHomePageTitle" duration-ms="7179" started-at="2017-08-18T16:09:02Z" finished-at="2017-08-18T16:09:09Z">
          <reporter-output>
          </reporter-output>
        </test-method> <!-- checkHomePageTitle -->
        <test-method status="PASS" signature="loginTest(java.util.List)[pri:2, instance:com.bitm.selenium4thbatch.Test.LoginTest@5e5792a0]" name="loginTest" duration-ms="5584" started-at="2017-08-18T16:09:50Z" data-provider="logindataprovider" finished-at="2017-08-18T16:09:55Z">
          <params>
            <param index="0">
              <value>
                <![CDATA[[LoginDTO [username = demo, password = demo]]]]>
              </value>
            </param>
          </params>
          <reporter-output>
          </reporter-output>
        </test-method> <!-- loginTest -->
      </class> <!-- com.bitm.selenium4thbatch.Test.LoginTest -->
      <class name="com.bitm.selenium4thbatch.Test.FlightFinderTest">
        <test-method status="FAIL" signature="checkFlightFindPageTitle()[pri:1, instance:com.bitm.selenium4thbatch.Test.FlightFinderTest@68c4039c]" name="checkFlightFindPageTitle" duration-ms="40123" started-at="2017-08-18T16:09:09Z" finished-at="2017-08-18T16:09:49Z">
          <exception class="org.openqa.selenium.TimeoutException">
            <message>
              <![CDATA[Expected condition failed: waiting for element to be clickable: By.xpath: html/body/div[1]/table/tbody/tr/td[2]/table/tbody/tr[4]/td/table/tbody/tr/td[2]/table/tbody/tr[5]/td/form/table/tbody/tr[3]/td[2]/b/select (tried for 40 second(s) with 500 MILLISECONDS interval)]]>
            </message>
            <full-stacktrace>
              <![CDATA[org.openqa.selenium.TimeoutException: Expected condition failed: waiting for element to be clickable: By.xpath: html/body/div[1]/table/tbody/tr/td[2]/table/tbody/tr[4]/td/table/tbody/tr/td[2]/table/tbody/tr[5]/td/form/table/tbody/tr[3]/td[2]/b/select (tried for 40 second(s) with 500 MILLISECONDS interval)
	at org.openqa.selenium.support.ui.WebDriverWait.timeoutException(WebDriverWait.java:80)
	at org.openqa.selenium.support.ui.FluentWait.until(FluentWait.java:232)
	at com.bitm.selenium4thbatch.Test.FlightFinderTest.checkFlightFindPageTitle(FlightFinderTest.java:31)
	at sun.reflect.NativeMethodAccessorImpl.invoke0(Native Method)
	at sun.reflect.NativeMethodAccessorImpl.invoke(NativeMethodAccessorImpl.java:62)
	at sun.reflect.DelegatingMethodAccessorImpl.invoke(DelegatingMethodAccessorImpl.java:43)
	at java.lang.reflect.Method.invoke(Method.java:498)
	at org.testng.internal.MethodInvocationHelper.invokeMethod(MethodInvocationHelper.java:108)
	at org.testng.internal.Invoker.invokeMethod(Invoker.java:661)
	at org.testng.internal.Invoker.invokeTestMethod(Invoker.java:869)
	at org.testng.internal.Invoker.invokeTestMethods(Invoker.java:1193)
	at org.testng.internal.TestMethodWorker.invokeTestMethods(TestMethodWorker.java:126)
	at org.testng.internal.TestMethodWorker.run(TestMethodWorker.java:109)
	at org.testng.TestRunner.privateRun(TestRunner.java:744)
	at org.testng.TestRunner.run(TestRunner.java:602)
	at org.testng.SuiteRunner.runTest(SuiteRunner.java:380)
	at org.testng.SuiteRunner.runSequentially(SuiteRunner.java:375)
	at org.testng.SuiteRunner.privateRun(SuiteRunner.java:340)
	at org.testng.SuiteRunner.run(SuiteRunner.java:289)
	at org.testng.SuiteRunnerWorker.runSuite(SuiteRunnerWorker.java:52)
	at org.testng.SuiteRunnerWorker.run(SuiteRunnerWorker.java:86)
	at org.testng.TestNG.runSuitesSequentially(TestNG.java:1301)
	at org.testng.TestNG.runSuitesLocally(TestNG.java:1226)
	at org.testng.TestNG.runSuites(TestNG.java:1144)
	at org.testng.TestNG.run(TestNG.java:1115)
	at org.testng.remote.AbstractRemoteTestNG.run(AbstractRemoteTestNG.java:132)
	at org.testng.remote.RemoteTestNG.initAndRun(RemoteTestNG.java:230)
	at org.testng.remote.RemoteTestNG.main(RemoteTestNG.java:76)
Caused by: org.openqa.selenium.NoSuchElementException: Cannot locate an element using By.xpath: html/body/div[1]/table/tbody/tr/td[2]/table/tbody/tr[4]/td/table/tbody/tr/td[2]/table/tbody/tr[5]/td/form/table/tbody/tr[3]/td[2]/b/select
For documentation on this error, please visit: http://seleniumhq.org/exceptions/no_such_element.html
Build info: version: '3.4.0', revision: 'unknown', time: 'unknown'
System info: host: 'DESKTOP-5R09CG4', ip: '192.168.1.100', os.name: 'Windows 10', os.arch: 'amd64', os.version: '10.0', java.version: '1.8.0_131'
Driver info: driver.version: unknown
	at org.openqa.selenium.support.ui.ExpectedConditions.lambda$findElement$0(ExpectedConditions.java:883)
	at java.util.Optional.orElseThrow(Optional.java:290)
	at org.openqa.selenium.support.ui.ExpectedConditions.findElement(ExpectedConditions.java:882)
	at org.openqa.selenium.support.ui.ExpectedConditions.access$000(ExpectedConditions.java:44)
	at org.openqa.selenium.support.ui.ExpectedConditions$7.apply(ExpectedConditions.java:206)
	at org.openqa.selenium.support.ui.ExpectedConditions$7.apply(ExpectedConditions.java:202)
	at org.openqa.selenium.support.ui.ExpectedConditions$22.apply(ExpectedConditions.java:644)
	at org.openqa.selenium.support.ui.ExpectedConditions$22.apply(ExpectedConditions.java:641)
	at org.openqa.selenium.support.ui.FluentWait.until(FluentWait.java:209)
	... 26 more
]]>
            </full-stacktrace>
          </exception> <!-- org.openqa.selenium.TimeoutException -->
          <reporter-output>
          </reporter-output>
        </test-method> <!-- checkFlightFindPageTitle -->
        <test-method status="PASS" signature="loginTest(java.util.List)[pri:2, instance:com.bitm.selenium4thbatch.Test.FlightFinderTest@68c4039c]" name="loginTest" duration-ms="2828" started-at="2017-08-18T16:09:55Z" data-provider="flightfinddataprovider" finished-at="2017-08-18T16:09:58Z">
          <params>
            <param index="0">
              <value>
                <![CDATA[[FlightFinderDTO [passenger_no = 2, depart_from = London,depart_month = June, depart_date = 20,arrive_in = New York, arrive_month = July,arrive_date = 4, airline = BlueÂ Skies Airlines]]]]>
              </value>
            </param>
          </params>
          <reporter-output>
          </reporter-output>
        </test-method> <!-- loginTest -->
      </class> <!-- com.bitm.selenium4thbatch.Test.FlightFinderTest -->
    </test> <!-- Test -->
  </suite> <!-- Selenium4th -->
</testng-results>
